[2014-06-06 16:24:40]: Peer [1002] makes a connection to Peer [1001].
[2014-06-06 16:24:41]: Peer [1002] received a 'not interested' message from  [1001].
[2014-06-06 16:24:41]: Peer [1002] is connected from Peer [1003].
[2014-06-06 16:24:41]: Peer [1002] received a 'not interested' message from  [1003].
[2014-06-06 16:24:45]: Peer [1002] received a 'have' message from  [1003] for piece [0].
[2014-06-06 16:24:46]: Peer [1002] is unchoked by [1003].
[2014-06-06 16:24:46]: Peer [1002] has download the piece [0] from  [1003]. Now the number of pieces it has is [1].
[2014-06-06 16:24:46]: Peer [1002] received a 'not interested' message from  [1001].
[2014-06-06 16:24:46]: Peer [1002] received a 'not interested' message from  [1003].
[2014-06-06 16:24:50]: Peer [1002] is unchoked by [1001].
[2014-06-06 16:24:50]: Peer [1002] has download the piece [1] from  [1001]. Now the number of pieces it has is [2].
[2014-06-06 16:24:50]: Peer [1002] received an 'interested' message from  [1003].
[2014-06-06 16:24:50]: Peer [1002] received a 'not interested' message from  [1001].
[2014-06-06 16:24:50]: Peer [1002] has download the piece [2] from  [1001]. Now the number of pieces it has is [3].
[2014-06-06 16:24:50]: Peer [1002] received an 'interested' message from  [1003].
[2014-06-06 16:24:50]: Peer [1002] received a 'not interested' message from  [1001].
[2014-06-06 16:24:50]: Peer [1002] has download the piece [3] from  [1001]. Now the number of pieces it has is [4].
[2014-06-06 16:24:50]: Peer [1002] received an 'interested' message from  [1003].
[2014-06-06 16:24:50]: Peer [1002] received a 'not interested' message from  [1001].
[2014-06-06 16:24:50]: Peer [1002] has download the piece [4] from  [1001]. Now the number of pieces it has is [5].
[2014-06-06 16:24:50]: Peer [1002] received an 'interested' message from  [1003].
[2014-06-06 16:24:50]: Peer [1002] received a 'not interested' message from  [1001].
[2014-06-06 16:24:50]: Peer [1002] has download the piece [5] from  [1001]. Now the number of pieces it has is [6].
[2014-06-06 16:24:50]: Peer [1002] received an 'interested' message from  [1003].
[2014-06-06 16:24:50]: Peer [1002] received a 'not interested' message from  [1001].
[2014-06-06 16:24:50]: Peer [1002] has download the piece [6] from  [1001]. Now the number of pieces it has is [7].
[2014-06-06 16:24:50]: Peer [1002] received an 'interested' message from  [1003].
[2014-06-06 16:24:50]: Peer [1002] received a 'not interested' message from  [1001].
[2014-06-06 16:24:50]: Peer [1002] has download the piece [7] from  [1001]. Now the number of pieces it has is [8].
[2014-06-06 16:24:50]: Peer [1002] received an 'interested' message from  [1003].
[2014-06-06 16:24:50]: Peer [1002] received a 'not interested' message from  [1001].
[2014-06-06 16:24:50]: Peer [1002] has download the piece [8] from  [1001]. Now the number of pieces it has is [9].
[2014-06-06 16:24:50]: Peer [1002] received an 'interested' message from  [1003].
[2014-06-06 16:24:50]: Peer [1002] received a 'not interested' message from  [1001].
[2014-06-06 16:24:50]: Peer [1002] has download the piece [9] from  [1001]. Now the number of pieces it has is [10].
[2014-06-06 16:24:50]: Peer [1002] received an 'interested' message from  [1003].
[2014-06-06 16:24:50]: Peer [1002] has downloaded the complete file.
[2014-06-06 16:24:50]: Peer [1002] received a 'not interested' message from  [1001].
[2014-06-06 16:24:51]: Peer [1002] has the preferred neighbors [ 1003 ].
[2014-06-06 16:24:51]: Peer [1002] received a 'have' message from  [1003] for piece [1].
[2014-06-06 16:24:55]: Peer [1002] is unchoked by [1001].
[2014-06-06 16:24:56]: Peer [1002] has the preferred neighbors [ 1003 ].
[2014-06-06 16:25:01]: Peer [1002] has the preferred neighbors [ 1003 ].
[2014-06-06 16:25:06]: Peer [1002] has the preferred neighbors [ 1003 ].
[2014-06-06 16:25:10]: Peer [1002] received a 'have' message from  [1003] for piece [2].
[2014-06-06 16:25:10]: Peer [1002] received a 'have' message from  [1003] for piece [3].
[2014-06-06 16:25:10]: Peer [1002] received a 'have' message from  [1003] for piece [4].
[2014-06-06 16:25:10]: Peer [1002] received a 'have' message from  [1003] for piece [5].
[2014-06-06 16:25:11]: Peer [1002] has the preferred neighbors [ 1003 ].
[2014-06-06 16:25:15]: Peer [1002] is unchoked by [1001].
[2014-06-06 16:25:16]: Peer [1002] has the preferred neighbors [ 1003 ].
[2014-06-06 16:25:21]: Peer [1002] has the preferred neighbors [ 1003 ].
[2014-06-06 16:25:26]: Peer [1002] has the preferred neighbors [ 1003 ].
[2014-06-06 16:25:31]: Peer [1002] has the preferred neighbors [ 1003 ].
[2014-06-06 16:25:36]: Peer [1002] has the preferred neighbors [ 1003 ].
[2014-06-06 16:25:41]: Peer [1002] has the preferred neighbors [ 1003 ].
[2014-06-06 16:25:46]: Peer [1002] has the preferred neighbors [ 1003 ].
[2014-06-06 16:25:50]: Peer [1002] received a 'have' message from  [1003] for piece [6].
[2014-06-06 16:25:50]: Peer [1002] received a 'have' message from  [1003] for piece [7].
[2014-06-06 16:25:50]: Peer [1002] received a 'have' message from  [1003] for piece [8].
[2014-06-06 16:25:50]: Peer [1002] received a 'have' message from  [1003] for piece [9].
