[2014-06-06 16:24:41]: Peer [1001] is connected from Peer [1002].
[2014-06-06 16:24:41]: Peer [1001] received an 'interested' message from  [1002].
[2014-06-06 16:24:41]: Peer [1001] is connected from Peer [1003].
[2014-06-06 16:24:41]: Peer [1001] received an 'interested' message from  [1003].
[2014-06-06 16:24:45]: Peer [1001] has the optimistically-unchoked neighbor [1003].
[2014-06-06 16:24:45]: Peer [1001] has the preferred neighbors [ 1003 ].
[2014-06-06 16:24:45]: Peer [1001] received a 'have' message from  [1003] for piece [0].
[2014-06-06 16:24:46]: Peer [1001] received a 'have' message from  [1002] for piece [0].
[2014-06-06 16:24:50]: Peer [1001] has the preferred neighbors [ 1002 ].
[2014-06-06 16:24:50]: Peer [1001] received a 'have' message from  [1002] for piece [1].
[2014-06-06 16:24:50]: Peer [1001] received a 'have' message from  [1002] for piece [2].
[2014-06-06 16:24:50]: Peer [1001] received a 'have' message from  [1002] for piece [3].
[2014-06-06 16:24:50]: Peer [1001] received a 'have' message from  [1002] for piece [4].
[2014-06-06 16:24:50]: Peer [1001] received a 'have' message from  [1002] for piece [5].
[2014-06-06 16:24:50]: Peer [1001] received a 'have' message from  [1002] for piece [6].
[2014-06-06 16:24:50]: Peer [1001] received a 'have' message from  [1002] for piece [7].
[2014-06-06 16:24:50]: Peer [1001] received a 'have' message from  [1002] for piece [8].
[2014-06-06 16:24:50]: Peer [1001] received a 'have' message from  [1002] for piece [9].
[2014-06-06 16:24:51]: Peer [1001] received a 'have' message from  [1003] for piece [1].
[2014-06-06 16:24:55]: Peer [1001] has the preferred neighbors [ 1003 ].
[2014-06-06 16:24:55]: Peer [1001] has the optimistically-unchoked neighbor [1002].
[2014-06-06 16:25:00]: Peer [1001] has the preferred neighbors [ 1003 ].
[2014-06-06 16:25:05]: Peer [1001] has the preferred neighbors [ 1002 ].
[2014-06-06 16:25:10]: Peer [1001] has the optimistically-unchoked neighbor [1003].
[2014-06-06 16:25:10]: Peer [1001] received a 'have' message from  [1003] for piece [2].
[2014-06-06 16:25:10]: Peer [1001] received a 'have' message from  [1003] for piece [3].
[2014-06-06 16:25:10]: Peer [1001] received a 'have' message from  [1003] for piece [4].
[2014-06-06 16:25:10]: Peer [1001] has the preferred neighbors [ 1003 ].
[2014-06-06 16:25:10]: Peer [1001] received a 'have' message from  [1003] for piece [5].
[2014-06-06 16:25:15]: Peer [1001] has the optimistically-unchoked neighbor [1002].
[2014-06-06 16:25:15]: Peer [1001] has the preferred neighbors [ 1003 ].
[2014-06-06 16:25:20]: Peer [1001] has the preferred neighbors [ 1003 ].
[2014-06-06 16:25:25]: Peer [1001] has the preferred neighbors [ 1003 ].
[2014-06-06 16:25:30]: Peer [1001] has the preferred neighbors [ 1003 ].
[2014-06-06 16:25:35]: Peer [1001] has the preferred neighbors [ 1003 ].
[2014-06-06 16:25:40]: Peer [1001] has the preferred neighbors [ 1002 ].
[2014-06-06 16:25:45]: Peer [1001] has the preferred neighbors [ 1002 ].
[2014-06-06 16:25:50]: Peer [1001] has the optimistically-unchoked neighbor [1003].
[2014-06-06 16:25:50]: Peer [1001] received a 'have' message from  [1003] for piece [6].
[2014-06-06 16:25:50]: Peer [1001] received a 'have' message from  [1003] for piece [7].
[2014-06-06 16:25:50]: Peer [1001] received a 'have' message from  [1003] for piece [8].
[2014-06-06 16:25:50]: Peer [1001] received a 'have' message from  [1003] for piece [9].
